  Game_room.cpp
E:\my_project\mini_game\general_class\Resource.h(54,71): warning C4244: “参数”: 从“time_t”转换到“unsigned int”，可能丢失数据
  Please define _WIN32_WINNT or _WIN32_WINDOWS appropriately. For example:
  - add -D_WIN32_WINNT=0x0601 to the compiler command line; or
  - add _WIN32_WINNT=0x0601 to your project's Preprocessor Definitions.
  Assuming _WIN32_WINNT=0x0601 (i.e. Windows 7 target).
C:\boost\boost\bind.hpp(41): message : The practice of declaring the Bind placeholders (_1, _2, ...) in the global namespace is deprecated. Please use <boost/bind/bind.hpp> + using namespace boost::placeholders, or define BOOST_BIND_GLOBAL_PLACEHOLDERS to retain the current behavior.
E:\my_project\mini_game\Room_server\Game_room.cpp(62,70): warning C4244: “参数”: 从“time_t”转换到“unsigned int”，可能丢失数据
E:\my_project\mini_game\Room_server\Game_room.cpp(569,66): warning C4267: “参数”: 从“size_t”转换到“_Ty”，可能丢失数据
          with
          [
              _Ty=int
          ]
E:\my_project\mini_game\Room_server\Game_room.cpp(587,66): warning C4267: “参数”: 从“size_t”转换到“_Ty”，可能丢失数据
          with
          [
              _Ty=int
          ]
  Room_server.cpp
E:\my_project\mini_game\general_class\Resource.h(54,71): warning C4244: “参数”: 从“time_t”转换到“unsigned int”，可能丢失数据
  Please define _WIN32_WINNT or _WIN32_WINDOWS appropriately. For example:
  - add -D_WIN32_WINNT=0x0601 to the compiler command line; or
  - add _WIN32_WINNT=0x0601 to your project's Preprocessor Definitions.
  Assuming _WIN32_WINNT=0x0601 (i.e. Windows 7 target).
C:\boost\boost\bind.hpp(41): message : The practice of declaring the Bind placeholders (_1, _2, ...) in the global namespace is deprecated. Please use <boost/bind/bind.hpp> + using namespace boost::placeholders, or define BOOST_BIND_GLOBAL_PLACEHOLDERS to retain the current behavior.
  main.cpp
E:\my_project\mini_game\general_class\Resource.h(54,71): warning C4244: “参数”: 从“time_t”转换到“unsigned int”，可能丢失数据
  Please define _WIN32_WINNT or _WIN32_WINDOWS appropriately. For example:
  - add -D_WIN32_WINNT=0x0601 to the compiler command line; or
  - add _WIN32_WINNT=0x0601 to your project's Preprocessor Definitions.
  Assuming _WIN32_WINNT=0x0601 (i.e. Windows 7 target).
C:\boost\boost\bind.hpp(41): message : The practice of declaring the Bind placeholders (_1, _2, ...) in the global namespace is deprecated. Please use <boost/bind/bind.hpp> + using namespace boost::placeholders, or define BOOST_BIND_GLOBAL_PLACEHOLDERS to retain the current behavior.
  正在生成代码...
    正在创建库 E:\my_project\mini_game\x64\Debug\Room_server.lib 和对象 E:\my_project\mini_game\x64\Debug\Room_server.exp
  Room_server.vcxproj -> E:\my_project\mini_game\x64\Debug\Room_server.exe
